<html>
<head>
<title>TestNG:  test</title>
<link href="../testng.css" rel="stylesheet" type="text/css" />
<link href="../my-testng.css" rel="stylesheet" type="text/css" />

<style type="text/css">
.log { display: none;} 
.stack-trace { display: none;} 
</style>
<script type="text/javascript">
<!--
function flip(e) {
  current = e.style.display;
  if (current == 'block') {
    e.style.display = 'none';
    return 0;
  }
  else {
    e.style.display = 'block';
    return 1;
  }
}

function toggleBox(szDivId, elem, msg1, msg2)
{
  var res = -1;  if (document.getElementById) {
    res = flip(document.getElementById(szDivId));
  }
  else if (document.all) {
    // this is the way old msie versions work
    res = flip(document.all[szDivId]);
  }
  if(elem) {
    if(res == 0) elem.innerHTML = msg1; else elem.innerHTML = msg2;
  }

}

function toggleAllBoxes() {
  if (document.getElementsByTagName) {
    d = document.getElementsByTagName('div');
    for (i = 0; i < d.length; i++) {
      if (d[i].className == 'log') {
        flip(d[i]);
      }
    }
  }
}

// -->
</script>

</head>
<body>
<h2 align='center'>test</h2><table border='1' align="center">
<tr>
<td>Tests passed/Failed/Skipped:</td><td>24/2/0</td>
</tr><tr>
<td>Started on:</td><td>Tue Mar 22 15:49:18 CET 2022</td>
</tr>
<tr><td>Total time:</td><td>2 seconds (2480 ms)</td>
</tr><tr>
<td>Included groups:</td><td></td>
</tr><tr>
<td>Excluded groups:</td><td></td>
</tr>
</table><p/>
<small><i>(Hover the method name to see the test class name)</i></small><p/>
<table width='100%' border='1' class='invocation-failed'>
<tr><td colspan='4' align='center'><b>FAILED TESTS</b></td></tr>
<tr><td><b>Test method</b></td>
<td width="30%"><b>Exception</b></td>
<td width="10%"><b>Time (seconds)</b></td>
<td><b>Instance</b></td>
</tr>
<tr>
<td title='test.ExchangerTest.shouldReturnLastRateData_nextDataConnectionContainsRate()'><b>shouldReturnLastRateData_nextDataConnectionContainsRate</b><br>Test class: test.ExchangerTest</td>
<td><div><pre>java.lang.AssertionError: expected [[date=2002-01-04, rate=3.5346, currency=EUR]] but found [null]
	at org.testng.Assert.fail(Assert.java:99)
	at org.testng.Assert.failNotEquals(Assert.java:1037)
	at org.testng.Assert.assertEqualsImpl(Assert.java:140)
	at org.testng.Assert.assertEquals(Assert.java:122)
	at org.testng.Assert.assertEquals(Assert.java:617)
	at test.ExchangerTest.shouldReturnLastRateData_nextDataConnectionContainsRate(ExchangerTest.java:118)
	at java.base/jdk.internal.reflect.NativeMethodAccessorImpl.invoke0(Native Method)
	at java.base/jdk.internal.reflect.NativeMethodAccessorImpl.invoke(NativeMethodAccessorImpl.java:77)
	at java.base/jdk.internal.reflect.DelegatingMethodAccessorImpl.invoke(DelegatingMethodAccessorImpl.java:43)
	at java.base/java.lang.reflect.Method.invoke(Method.java:568)
	at org.testng.internal.MethodInvocationHelper.invokeMethod(MethodInvocationHelper.java:133)
	at org.testng.internal.TestInvoker.invokeMethod(TestInvoker.java:598)
	at org.testng.internal.TestInvoker.invokeTestMethod(TestInvoker.java:173)
	at org.testng.internal.MethodRunner.runInSequence(MethodRunner.java:46)
	at org.testng.internal.TestInvoker$MethodInvocationAgent.invoke(TestInvoker.java:824)
	at org.testng.internal.TestInvoker.invokeTestMethods(TestInvoker.java:146)
	at org.testng.internal.TestMethodWorker.invokeTestMethods(TestMethodWorker.java:146)
	at org.testng.internal.TestMethodWorker.run(TestMethodWorker.java:128)
	at java.base/java.util.ArrayList.forEach(ArrayList.java:1511)
	at org.testng.TestRunner.privateRun(TestRunner.java:794)
	at org.testng.TestRunner.run(TestRunner.java:596)
	at org.testng.SuiteRunner.runTest(SuiteRunner.java:377)
	at org.testng.SuiteRunner.runSequentially(SuiteRunner.java:371)
	at org.testng.SuiteRunner.privateRun(SuiteRunner.java:332)
	at org.testng.SuiteRunner.run(SuiteRunner.java:276)
	at org.testng.SuiteRunnerWorker.runSuite(SuiteRunnerWorker.java:53)
	at org.testng.SuiteRunnerWorker.run(SuiteRunnerWorker.java:96)
	at org.testng.TestNG.runSuitesSequentially(TestNG.java:1212)
	at org.testng.TestNG.runSuitesLocally(TestNG.java:1134)
	at org.testng.TestNG.runSuites(TestNG.java:1063)
	at org.testng.TestNG.run(TestNG.java:1031)
	at org.testng.remote.AbstractRemoteTestNG.run(AbstractRemoteTestNG.java:115)
	at org.testng.remote.RemoteTestNG.initAndRun(RemoteTestNG.java:251)
	at org.testng.remote.RemoteTestNG.main(RemoteTestNG.java:77)
</pre></div><a href='#' onClick='toggleBox("stack-trace834842620", this, "Click to show all stack frames", "Click to hide stack frames")'>Click to show all stack frames</a>
<div class='stack-trace' id='stack-trace834842620'><pre>java.lang.AssertionError: expected [[date=2002-01-04, rate=3.5346, currency=EUR]] but found [null]
	at org.testng.Assert.fail(Assert.java:99)
	at org.testng.Assert.failNotEquals(Assert.java:1037)
	at org.testng.Assert.assertEqualsImpl(Assert.java:140)
	at org.testng.Assert.assertEquals(Assert.java:122)
	at org.testng.Assert.assertEquals(Assert.java:617)
	at test.ExchangerTest.shouldReturnLastRateData_nextDataConnectionContainsRate(ExchangerTest.java:118)
	at java.base/jdk.internal.reflect.NativeMethodAccessorImpl.invoke0(Native Method)
	at java.base/jdk.internal.reflect.NativeMethodAccessorImpl.invoke(NativeMethodAccessorImpl.java:77)
	at java.base/jdk.internal.reflect.DelegatingMethodAccessorImpl.invoke(DelegatingMethodAccessorImpl.java:43)
	at java.base/java.lang.reflect.Method.invoke(Method.java:568)
	at org.testng.internal.MethodInvocationHelper.invokeMethod(MethodInvocationHelper.java:133)
	at org.testng.internal.TestInvoker.invokeMethod(TestInvoker.java:598)
	at org.testng.internal.TestInvoker.invokeTestMethod(TestInvoker.java:173)
	at org.testng.internal.MethodRunner.runInSequence(MethodRunner.java:46)
	at org.testng.internal.TestInvoker$MethodInvocationAgent.invoke(TestInvoker.java:824)
	at org.testng.internal.TestInvoker.invokeTestMethods(TestInvoker.java:146)
	at org.testng.internal.TestMethodWorker.invokeTestMethods(TestMethodWorker.java:146)
	at org.testng.internal.TestMethodWorker.run(TestMethodWorker.java:128)
	at java.base/java.util.ArrayList.forEach(ArrayList.java:1511)
	at org.testng.TestRunner.privateRun(TestRunner.java:794)
	at org.testng.TestRunner.run(TestRunner.java:596)
	at org.testng.SuiteRunner.runTest(SuiteRunner.java:377)
	at org.testng.SuiteRunner.runSequentially(SuiteRunner.java:371)
	at org.testng.SuiteRunner.privateRun(SuiteRunner.java:332)
	at org.testng.SuiteRunner.run(SuiteRunner.java:276)
	at org.testng.SuiteRunnerWorker.runSuite(SuiteRunnerWorker.java:53)
	at org.testng.SuiteRunnerWorker.run(SuiteRunnerWorker.java:96)
	at org.testng.TestNG.runSuitesSequentially(TestNG.java:1212)
	at org.testng.TestNG.runSuitesLocally(TestNG.java:1134)
	at org.testng.TestNG.runSuites(TestNG.java:1063)
	at org.testng.TestNG.run(TestNG.java:1031)
	at org.testng.remote.AbstractRemoteTestNG.run(AbstractRemoteTestNG.java:115)
	at org.testng.remote.RemoteTestNG.initAndRun(RemoteTestNG.java:251)
	at org.testng.remote.RemoteTestNG.main(RemoteTestNG.java:77)
</pre></div></td>
<td>0</td>
<td>test.ExchangerTest@10d307f1</td></tr>
<tr>
<td title='test.ExchangerTest.shouldReturnLastRateData_firstDataConnectionContainsRate()'><b>shouldReturnLastRateData_firstDataConnectionContainsRate</b><br>Test class: test.ExchangerTest</td>
<td><div><pre>java.lang.AssertionError: expected [[date=2002-01-04, rate=3.5346, currency=EUR]] but found [null]
	at org.testng.Assert.fail(Assert.java:99)
	at org.testng.Assert.failNotEquals(Assert.java:1037)
	at org.testng.Assert.assertEqualsImpl(Assert.java:140)
	at org.testng.Assert.assertEquals(Assert.java:122)
	at org.testng.Assert.assertEquals(Assert.java:617)
	at test.ExchangerTest.shouldReturnLastRateData_firstDataConnectionContainsRate(ExchangerTest.java:98)
	at java.base/jdk.internal.reflect.NativeMethodAccessorImpl.invoke0(Native Method)
	at java.base/jdk.internal.reflect.NativeMethodAccessorImpl.invoke(NativeMethodAccessorImpl.java:77)
	at java.base/jdk.internal.reflect.DelegatingMethodAccessorImpl.invoke(DelegatingMethodAccessorImpl.java:43)
	at java.base/java.lang.reflect.Method.invoke(Method.java:568)
	at org.testng.internal.MethodInvocationHelper.invokeMethod(MethodInvocationHelper.java:133)
	at org.testng.internal.TestInvoker.invokeMethod(TestInvoker.java:598)
	at org.testng.internal.TestInvoker.invokeTestMethod(TestInvoker.java:173)
	at org.testng.internal.MethodRunner.runInSequence(MethodRunner.java:46)
	at org.testng.internal.TestInvoker$MethodInvocationAgent.invoke(TestInvoker.java:824)
	at org.testng.internal.TestInvoker.invokeTestMethods(TestInvoker.java:146)
	at org.testng.internal.TestMethodWorker.invokeTestMethods(TestMethodWorker.java:146)
	at org.testng.internal.TestMethodWorker.run(TestMethodWorker.java:128)
	at java.base/java.util.ArrayList.forEach(ArrayList.java:1511)
	at org.testng.TestRunner.privateRun(TestRunner.java:794)
	at org.testng.TestRunner.run(TestRunner.java:596)
	at org.testng.SuiteRunner.runTest(SuiteRunner.java:377)
	at org.testng.SuiteRunner.runSequentially(SuiteRunner.java:371)
	at org.testng.SuiteRunner.privateRun(SuiteRunner.java:332)
	at org.testng.SuiteRunner.run(SuiteRunner.java:276)
	at org.testng.SuiteRunnerWorker.runSuite(SuiteRunnerWorker.java:53)
	at org.testng.SuiteRunnerWorker.run(SuiteRunnerWorker.java:96)
	at org.testng.TestNG.runSuitesSequentially(TestNG.java:1212)
	at org.testng.TestNG.runSuitesLocally(TestNG.java:1134)
	at org.testng.TestNG.runSuites(TestNG.java:1063)
	at org.testng.TestNG.run(TestNG.java:1031)
	at org.testng.remote.AbstractRemoteTestNG.run(AbstractRemoteTestNG.java:115)
	at org.testng.remote.RemoteTestNG.initAndRun(RemoteTestNG.java:251)
	at org.testng.remote.RemoteTestNG.main(RemoteTestNG.java:77)
</pre></div><a href='#' onClick='toggleBox("stack-trace137659163", this, "Click to show all stack frames", "Click to hide stack frames")'>Click to show all stack frames</a>
<div class='stack-trace' id='stack-trace137659163'><pre>java.lang.AssertionError: expected [[date=2002-01-04, rate=3.5346, currency=EUR]] but found [null]
	at org.testng.Assert.fail(Assert.java:99)
	at org.testng.Assert.failNotEquals(Assert.java:1037)
	at org.testng.Assert.assertEqualsImpl(Assert.java:140)
	at org.testng.Assert.assertEquals(Assert.java:122)
	at org.testng.Assert.assertEquals(Assert.java:617)
	at test.ExchangerTest.shouldReturnLastRateData_firstDataConnectionContainsRate(ExchangerTest.java:98)
	at java.base/jdk.internal.reflect.NativeMethodAccessorImpl.invoke0(Native Method)
	at java.base/jdk.internal.reflect.NativeMethodAccessorImpl.invoke(NativeMethodAccessorImpl.java:77)
	at java.base/jdk.internal.reflect.DelegatingMethodAccessorImpl.invoke(DelegatingMethodAccessorImpl.java:43)
	at java.base/java.lang.reflect.Method.invoke(Method.java:568)
	at org.testng.internal.MethodInvocationHelper.invokeMethod(MethodInvocationHelper.java:133)
	at org.testng.internal.TestInvoker.invokeMethod(TestInvoker.java:598)
	at org.testng.internal.TestInvoker.invokeTestMethod(TestInvoker.java:173)
	at org.testng.internal.MethodRunner.runInSequence(MethodRunner.java:46)
	at org.testng.internal.TestInvoker$MethodInvocationAgent.invoke(TestInvoker.java:824)
	at org.testng.internal.TestInvoker.invokeTestMethods(TestInvoker.java:146)
	at org.testng.internal.TestMethodWorker.invokeTestMethods(TestMethodWorker.java:146)
	at org.testng.internal.TestMethodWorker.run(TestMethodWorker.java:128)
	at java.base/java.util.ArrayList.forEach(ArrayList.java:1511)
	at org.testng.TestRunner.privateRun(TestRunner.java:794)
	at org.testng.TestRunner.run(TestRunner.java:596)
	at org.testng.SuiteRunner.runTest(SuiteRunner.java:377)
	at org.testng.SuiteRunner.runSequentially(SuiteRunner.java:371)
	at org.testng.SuiteRunner.privateRun(SuiteRunner.java:332)
	at org.testng.SuiteRunner.run(SuiteRunner.java:276)
	at org.testng.SuiteRunnerWorker.runSuite(SuiteRunnerWorker.java:53)
	at org.testng.SuiteRunnerWorker.run(SuiteRunnerWorker.java:96)
	at org.testng.TestNG.runSuitesSequentially(TestNG.java:1212)
	at org.testng.TestNG.runSuitesLocally(TestNG.java:1134)
	at org.testng.TestNG.runSuites(TestNG.java:1063)
	at org.testng.TestNG.run(TestNG.java:1031)
	at org.testng.remote.AbstractRemoteTestNG.run(AbstractRemoteTestNG.java:115)
	at org.testng.remote.RemoteTestNG.initAndRun(RemoteTestNG.java:251)
	at org.testng.remote.RemoteTestNG.main(RemoteTestNG.java:77)
</pre></div></td>
<td>0</td>
<td>test.ExchangerTest@10d307f1</td></tr>
</table><p>
<table width='100%' border='1' class='invocation-passed'>
<tr><td colspan='4' align='center'><b>PASSED TESTS</b></td></tr>
<tr><td><b>Test method</b></td>
<td width="30%"><b>Exception</b></td>
<td width="10%"><b>Time (seconds)</b></td>
<td><b>Instance</b></td>
</tr>
<tr>
<td title='test.ExchangerTest.shouldThrowExchangerException_whennRequestNullCurrency()'><b>shouldThrowExchangerException_whennRequestNullCurrency</b><br>Test class: test.ExchangerTest</td>
<td></td>
<td>0</td>
<td>test.ExchangerTest@10d307f1</td></tr>
<tr>
<td title='test.InputValidatorTest.shouldThrowsDateAfterTodayException_whenDateAfterToday()'><b>shouldThrowsDateAfterTodayException_whenDateAfterToday</b><br>Test class: test.InputValidatorTest</td>
<td></td>
<td>0</td>
<td>test.InputValidatorTest@7fee8714</td></tr>
<tr>
<td title='test.ExchangerTest.shouldReturnExpectedValue_whenInputIsCorrectOnExchangeToPln()'><b>shouldReturnExpectedValue_whenInputIsCorrectOnExchangeToPln</b><br>Test class: test.ExchangerTest</td>
<td></td>
<td>0</td>
<td>test.ExchangerTest@10d307f1</td></tr>
<tr>
<td title='test.ExchangerTest.shouldReturnExpectedValue_whenInputIsCorrectOnExchangeFromPln()'><b>shouldReturnExpectedValue_whenInputIsCorrectOnExchangeFromPln</b><br>Test class: test.ExchangerTest</td>
<td></td>
<td>0</td>
<td>test.ExchangerTest@10d307f1</td></tr>
<tr>
<td title='test.FileConnectionTest.shouldReturnRateData_whenFindingApiRateData()'><b>shouldReturnRateData_whenFindingApiRateData</b><br>Test class: test.FileConnectionTest</td>
<td></td>
<td>0</td>
<td>test.FileConnectionTest@6da21078</td></tr>
<tr>
<td title='test.CachedConnectionTest.shouldSavedRateData_whenFindingSavedRateData()'><b>shouldSavedRateData_whenFindingSavedRateData</b><br>Test class: test.CachedConnectionTest</td>
<td></td>
<td>0</td>
<td>test.CachedConnectionTest@4bb33f74</td></tr>
<tr>
<td title='test.UrlCreatorTest.shouldReturnCorrectURL_whenCorrectUrlreturned()'><b>shouldReturnCorrectURL_whenCorrectUrlreturned</b><br>Test class: test.UrlCreatorTest</td>
<td></td>
<td>0</td>
<td>test.UrlCreatorTest@4229bb3f</td></tr>
<tr>
<td title='test.ExchangerTest.shouldThrowExchangerException_whenRequestBeforFirstLocalDate()'><b>shouldThrowExchangerException_whenRequestBeforFirstLocalDate</b><br>Test class: test.ExchangerTest</td>
<td></td>
<td>0</td>
<td>test.ExchangerTest@10d307f1</td></tr>
<tr>
<td title='test.InputValidatorTest.shouldThrowNegativeValueException_whenValueNegative()'><b>shouldThrowNegativeValueException_whenValueNegative</b><br>Test class: test.InputValidatorTest</td>
<td></td>
<td>0</td>
<td>test.InputValidatorTest@7fee8714</td></tr>
<tr>
<td title='test.FileConnectionTest.shouldReturnTheSameRateData_whenFindingOlderRateData()'><b>shouldReturnTheSameRateData_whenFindingOlderRateData</b><br>Test class: test.FileConnectionTest</td>
<td></td>
<td>0</td>
<td>test.FileConnectionTest@6da21078</td></tr>
<tr>
<td title='test.ApiConnectionTest.shouldCorrectRateFromDate_whenFindingApiRateData()'><b>shouldCorrectRateFromDate_whenFindingApiRateData</b><br>Test class: test.ApiConnectionTest</td>
<td></td>
<td>0</td>
<td>test.ApiConnectionTest@50ad3bc1</td></tr>
<tr>
<td title='test.CachedConnectionTest.shouldFindExpectedRateDate_whenFindingRateData()'><b>shouldFindExpectedRateDate_whenFindingRateData</b><br>Test class: test.CachedConnectionTest</td>
<td></td>
<td>0</td>
<td>test.CachedConnectionTest@4bb33f74</td></tr>
<tr>
<td title='test.CachedConnectionTest.shouldReturnDiffrentRateDate_whenFindingRequestWithNewCurrency()'><b>shouldReturnDiffrentRateDate_whenFindingRequestWithNewCurrency</b><br>Test class: test.CachedConnectionTest</td>
<td></td>
<td>0</td>
<td>test.CachedConnectionTest@4bb33f74</td></tr>
<tr>
<td title='test.ExchangerTest.shouldThrowExchangerException_whenRequestNegativeValue()'><b>shouldThrowExchangerException_whenRequestNegativeValue</b><br>Test class: test.ExchangerTest</td>
<td></td>
<td>0</td>
<td>test.ExchangerTest@10d307f1</td></tr>
<tr>
<td title='test.CurrencyCalculatorTest.shouldReturnCorrectValue_whenInputCorrectOnCalculateTFromPln()'><b>shouldReturnCorrectValue_whenInputCorrectOnCalculateTFromPln</b><br>Test class: test.CurrencyCalculatorTest</td>
<td></td>
<td>0</td>
<td>test.CurrencyCalculatorTest@3d5c822d</td></tr>
<tr>
<td title='test.ExchangerTest.shouldReturnRateData_firstDataConnectionContainsRate()'><b>shouldReturnRateData_firstDataConnectionContainsRate</b><br>Test class: test.ExchangerTest</td>
<td></td>
<td>0</td>
<td>test.ExchangerTest@10d307f1</td></tr>
<tr>
<td title='test.ExchangerTest.shouldThrowExchangerException_whenRequestAfterTodayLocalDate()'><b>shouldThrowExchangerException_whenRequestAfterTodayLocalDate</b><br>Test class: test.ExchangerTest</td>
<td></td>
<td>0</td>
<td>test.ExchangerTest@10d307f1</td></tr>
<tr>
<td title='test.CachedConnectionTest.shouldReturnNull_whenFindingRequestWithNewDate()'><b>shouldReturnNull_whenFindingRequestWithNewDate</b><br>Test class: test.CachedConnectionTest</td>
<td></td>
<td>0</td>
<td>test.CachedConnectionTest@4bb33f74</td></tr>
<tr>
<td title='test.ExchangerTest.shouldReturnRateData_nextDataConnectionContainsRate()'><b>shouldReturnRateData_nextDataConnectionContainsRate</b><br>Test class: test.ExchangerTest</td>
<td></td>
<td>0</td>
<td>test.ExchangerTest@10d307f1</td></tr>
<tr>
<td title='test.InputValidatorTest.shouldThrowDateBeforeFirstException_whenDateBeforeFirst()'><b>shouldThrowDateBeforeFirstException_whenDateBeforeFirst</b><br>Test class: test.InputValidatorTest</td>
<td></td>
<td>0</td>
<td>test.InputValidatorTest@7fee8714</td></tr>
<tr>
<td title='test.ApiConnectionTest.shouldReturnNull_whenFindingOlderRateData()'><b>shouldReturnNull_whenFindingOlderRateData</b><br>Test class: test.ApiConnectionTest</td>
<td></td>
<td>0</td>
<td>test.ApiConnectionTest@50ad3bc1</td></tr>
<tr>
<td title='test.ExchangerTest.shouldThrowExchangerException_whenRequestNullValue()'><b>shouldThrowExchangerException_whenRequestNullValue</b><br>Test class: test.ExchangerTest</td>
<td></td>
<td>0</td>
<td>test.ExchangerTest@10d307f1</td></tr>
<tr>
<td title='test.ExchangerTest.shouldRetrunNull_whenNoDataConnectionContainsRate()'><b>shouldRetrunNull_whenNoDataConnectionContainsRate</b><br>Test class: test.ExchangerTest</td>
<td></td>
<td>0</td>
<td>test.ExchangerTest@10d307f1</td></tr>
<tr>
<td title='test.CurrencyCalculatorTest.shouldReturnCorrectValue_whenInputCorrectOnCalculateToPln()'><b>shouldReturnCorrectValue_whenInputCorrectOnCalculateToPln</b><br>Test class: test.CurrencyCalculatorTest</td>
<td></td>
<td>0</td>
<td>test.CurrencyCalculatorTest@3d5c822d</td></tr>
</table><p>
</body>
</html>