<?xml version="1.0" encoding="UTF-8"?>
<!-- Generated by org.testng.reporters.JUnitXMLReporter -->
<testsuite ignored="0" hostname="STREAMSOFT-0271" failures="2" tests="26" name="test" time="2.48" errors="0" timestamp="2022-03-22T15:49:21 CET">
  <testcase classname="test.ApiConnectionTest" name="shouldCorrectRateFromDate_whenFindingApiRateData" time="0.28"/>
  <testcase classname="test.ApiConnectionTest" name="shouldReturnNull_whenFindingOlderRateData" time="0.081"/>
  <testcase classname="test.CachedConnectionTest" name="shouldFindExpectedRateDate_whenFindingRateData" time="0.009"/>
  <testcase classname="test.CachedConnectionTest" name="shouldReturnDiffrentRateDate_whenFindingRequestWithNewCurrency" time="0.001"/>
  <testcase classname="test.CachedConnectionTest" name="shouldReturnNull_whenFindingRequestWithNewDate" time="0.0"/>
  <testcase classname="test.CachedConnectionTest" name="shouldSavedRateData_whenFindingSavedRateData" time="0.001"/>
  <testcase classname="test.CurrencyCalculatorTest" name="shouldReturnCorrectValue_whenInputCorrectOnCalculateTFromPln" time="0.001"/>
  <testcase classname="test.CurrencyCalculatorTest" name="shouldReturnCorrectValue_whenInputCorrectOnCalculateToPln" time="0.004"/>
  <testcase classname="test.ExchangerTest" name="shouldRetrunNull_whenNoDataConnectionContainsRate" time="0.455"/>
  <testcase classname="test.ExchangerTest" name="shouldReturnExpectedValue_whenInputIsCorrectOnExchangeFromPln" time="0.056"/>
  <testcase classname="test.ExchangerTest" name="shouldReturnExpectedValue_whenInputIsCorrectOnExchangeToPln" time="0.085"/>
  <testcase classname="test.ExchangerTest" name="shouldReturnLastRateData_firstDataConnectionContainsRate" time="0.675">
    <failure type="java.lang.AssertionError" message="expected [[date=2002-01-04, rate=3.5346, currency=EUR]] but found [null]">
      <![CDATA[java.lang.AssertionError: expected [[date=2002-01-04, rate=3.5346, currency=EUR]] but found [null]
at org.testng.Assert.fail(Assert.java:99)
at org.testng.Assert.failNotEquals(Assert.java:1037)
at org.testng.Assert.assertEqualsImpl(Assert.java:140)
at org.testng.Assert.assertEquals(Assert.java:122)
at org.testng.Assert.assertEquals(Assert.java:617)
at test.ExchangerTest.shouldReturnLastRateData_firstDataConnectionContainsRate(ExchangerTest.java:98)
at java.base/jdk.internal.reflect.NativeMethodAccessorImpl.invoke0(Native Method)
at java.base/jdk.internal.reflect.NativeMethodAccessorImpl.invoke(NativeMethodAccessorImpl.java:77)
at java.base/jdk.internal.reflect.DelegatingMethodAccessorImpl.invoke(DelegatingMethodAccessorImpl.java:43)
at java.base/java.lang.reflect.Method.invoke(Method.java:568)
at org.testng.internal.MethodInvocationHelper.invokeMethod(MethodInvocationHelper.java:133)
at org.testng.internal.TestInvoker.invokeMethod(TestInvoker.java:598)
at org.testng.internal.TestInvoker.invokeTestMethod(TestInvoker.java:173)
at org.testng.internal.MethodRunner.runInSequence(MethodRunner.java:46)
at org.testng.internal.TestInvoker$MethodInvocationAgent.invoke(TestInvoker.java:824)
at org.testng.internal.TestInvoker.invokeTestMethods(TestInvoker.java:146)
at org.testng.internal.TestMethodWorker.invokeTestMethods(TestMethodWorker.java:146)
at org.testng.internal.TestMethodWorker.run(TestMethodWorker.java:128)
at java.base/java.util.ArrayList.forEach(ArrayList.java:1511)
at org.testng.TestRunner.privateRun(TestRunner.java:794)
at org.testng.TestRunner.run(TestRunner.java:596)
at org.testng.SuiteRunner.runTest(SuiteRunner.java:377)
at org.testng.SuiteRunner.runSequentially(SuiteRunner.java:371)
at org.testng.SuiteRunner.privateRun(SuiteRunner.java:332)
at org.testng.SuiteRunner.run(SuiteRunner.java:276)
at org.testng.SuiteRunnerWorker.runSuite(SuiteRunnerWorker.java:53)
at org.testng.SuiteRunnerWorker.run(SuiteRunnerWorker.java:96)
at org.testng.TestNG.runSuitesSequentially(TestNG.java:1212)
at org.testng.TestNG.runSuitesLocally(TestNG.java:1134)
at org.testng.TestNG.runSuites(TestNG.java:1063)
at org.testng.TestNG.run(TestNG.java:1031)
at org.testng.remote.AbstractRemoteTestNG.run(AbstractRemoteTestNG.java:115)
at org.testng.remote.RemoteTestNG.initAndRun(RemoteTestNG.java:251)
at org.testng.remote.RemoteTestNG.main(RemoteTestNG.java:77)
]]>
    </failure>
  </testcase> <!-- shouldReturnLastRateData_firstDataConnectionContainsRate -->
  <testcase classname="test.ExchangerTest" name="shouldReturnLastRateData_nextDataConnectionContainsRate" time="0.578">
    <failure type="java.lang.AssertionError" message="expected [[date=2002-01-04, rate=3.5346, currency=EUR]] but found [null]">
      <![CDATA[java.lang.AssertionError: expected [[date=2002-01-04, rate=3.5346, currency=EUR]] but found [null]
at org.testng.Assert.fail(Assert.java:99)
at org.testng.Assert.failNotEquals(Assert.java:1037)
at org.testng.Assert.assertEqualsImpl(Assert.java:140)
at org.testng.Assert.assertEquals(Assert.java:122)
at org.testng.Assert.assertEquals(Assert.java:617)
at test.ExchangerTest.shouldReturnLastRateData_nextDataConnectionContainsRate(ExchangerTest.java:118)
at java.base/jdk.internal.reflect.NativeMethodAccessorImpl.invoke0(Native Method)
at java.base/jdk.internal.reflect.NativeMethodAccessorImpl.invoke(NativeMethodAccessorImpl.java:77)
at java.base/jdk.internal.reflect.DelegatingMethodAccessorImpl.invoke(DelegatingMethodAccessorImpl.java:43)
at java.base/java.lang.reflect.Method.invoke(Method.java:568)
at org.testng.internal.MethodInvocationHelper.invokeMethod(MethodInvocationHelper.java:133)
at org.testng.internal.TestInvoker.invokeMethod(TestInvoker.java:598)
at org.testng.internal.TestInvoker.invokeTestMethod(TestInvoker.java:173)
at org.testng.internal.MethodRunner.runInSequence(MethodRunner.java:46)
at org.testng.internal.TestInvoker$MethodInvocationAgent.invoke(TestInvoker.java:824)
at org.testng.internal.TestInvoker.invokeTestMethods(TestInvoker.java:146)
at org.testng.internal.TestMethodWorker.invokeTestMethods(TestMethodWorker.java:146)
at org.testng.internal.TestMethodWorker.run(TestMethodWorker.java:128)
at java.base/java.util.ArrayList.forEach(ArrayList.java:1511)
at org.testng.TestRunner.privateRun(TestRunner.java:794)
at org.testng.TestRunner.run(TestRunner.java:596)
at org.testng.SuiteRunner.runTest(SuiteRunner.java:377)
at org.testng.SuiteRunner.runSequentially(SuiteRunner.java:371)
at org.testng.SuiteRunner.privateRun(SuiteRunner.java:332)
at org.testng.SuiteRunner.run(SuiteRunner.java:276)
at org.testng.SuiteRunnerWorker.runSuite(SuiteRunnerWorker.java:53)
at org.testng.SuiteRunnerWorker.run(SuiteRunnerWorker.java:96)
at org.testng.TestNG.runSuitesSequentially(TestNG.java:1212)
at org.testng.TestNG.runSuitesLocally(TestNG.java:1134)
at org.testng.TestNG.runSuites(TestNG.java:1063)
at org.testng.TestNG.run(TestNG.java:1031)
at org.testng.remote.AbstractRemoteTestNG.run(AbstractRemoteTestNG.java:115)
at org.testng.remote.RemoteTestNG.initAndRun(RemoteTestNG.java:251)
at org.testng.remote.RemoteTestNG.main(RemoteTestNG.java:77)
]]>
    </failure>
  </testcase> <!-- shouldReturnLastRateData_nextDataConnectionContainsRate -->
  <testcase classname="test.ExchangerTest" name="shouldReturnRateData_firstDataConnectionContainsRate" time="0.101"/>
  <testcase classname="test.ExchangerTest" name="shouldReturnRateData_nextDataConnectionContainsRate" time="0.077"/>
  <testcase classname="test.ExchangerTest" name="shouldThrowExchangerException_whenRequestAfterTodayLocalDate" time="0.004"/>
  <testcase classname="test.ExchangerTest" name="shouldThrowExchangerException_whenRequestBeforFirstLocalDate" time="0.002"/>
  <testcase classname="test.ExchangerTest" name="shouldThrowExchangerException_whenRequestNegativeValue" time="0.0"/>
  <testcase classname="test.ExchangerTest" name="shouldThrowExchangerException_whenRequestNullValue" time="0.001"/>
  <testcase classname="test.ExchangerTest" name="shouldThrowExchangerException_whennRequestNullCurrency" time="0.001"/>
  <testcase classname="test.FileConnectionTest" name="shouldReturnRateData_whenFindingApiRateData" time="0.002"/>
  <testcase classname="test.FileConnectionTest" name="shouldReturnTheSameRateData_whenFindingOlderRateData" time="0.002"/>
  <testcase classname="test.InputValidatorTest" name="shouldThrowDateBeforeFirstException_whenDateBeforeFirst" time="0.001"/>
  <testcase classname="test.InputValidatorTest" name="shouldThrowNegativeValueException_whenValueNegative" time="0.001"/>
  <testcase classname="test.InputValidatorTest" name="shouldThrowsDateAfterTodayException_whenDateAfterToday" time="0.001"/>
  <testcase classname="test.UrlCreatorTest" name="shouldReturnCorrectURL_whenCorrectUrlreturned" time="0.0"/>
</testsuite> <!-- test -->
